offerwall_module/flutter_offerwall_module/.android/plugins_build_output/eums/outputs/logs/manifest-merger-release-report.txt
-- Merging decision tree log ---
manifest
ADDED from src/main/AndroidManifest.xml:1:1-113:12
INJECTED from src/main/AndroidManifest.xml:1:1-113:12
INJECTED from src/main/AndroidManifest.xml:1:1-113:12
	package
		ADDED from src/main/AndroidManifest.xml:3:3-29
		INJECTED from src/main/AndroidManifest.xml
		INJECTED from src/main/AndroidManifest.xml
	xmlns:tools
		ADDED from src/main/AndroidManifest.xml:4:3-49
	xmlns:android
		ADDED from src/main/AndroidManifest.xml:2:3-61
uses-permission#android.permission.SYSTEM_ALERT_WINDOW
ADDED from src/main/AndroidManifest.xml:7:3-76
	android:name
		ADDED from src/main/AndroidManifest.xml:7:20-73
uses-permission#android.permission.INTERNET
ADDED from src/main/AndroidManifest.xml:8:3-65
	android:name
		ADDED from src/main/AndroidManifest.xml:8:20-62
uses-permission#android.permission.FOREGROUND_SERVICE
ADDED from src/main/AndroidManifest.xml:9:3-75
	android:name
		ADDED from src/main/AndroidManifest.xml:9:20-72
uses-permission#android.permission.WAKE_LOCK
ADDED from src/main/AndroidManifest.xml:10:3-66
	android:name
		ADDED from src/main/AndroidManifest.xml:10:20-63
uses-permission#android.permission.RECEIVE_BOOT_COMPLETED
ADDED from src/main/AndroidManifest.xml:11:3-79
	android:name
		ADDED from src/main/AndroidManifest.xml:11:20-76
uses-permission#android.permission.ACCESS_COARSE_LOCATION
ADDED from src/main/AndroidManifest.xml:12:3-79
	android:name
		ADDED from src/main/AndroidManifest.xml:12:20-76
uses-permission#android.permission.ACCESS_FINE_LOCATION
ADDED from src/main/AndroidManifest.xml:13:3-77
	android:name
		ADDED from src/main/AndroidManifest.xml:13:20-74
uses-permission#android.permission.REQUEST_INSTALL_PACKAGES
ADDED from src/main/AndroidManifest.xml:14:3-81
	android:name
		ADDED from src/main/AndroidManifest.xml:14:20-78
uses-permission#android.permission.ACCESS_NETWORK_STATE
ADDED from src/main/AndroidManifest.xml:15:3-77
	android:name
		ADDED from src/main/AndroidManifest.xml:15:20-74
uses-permission#android.permission.GET_ACCOUNTS
ADDED from src/main/AndroidManifest.xml:21:3-69
	android:name
		ADDED from src/main/AndroidManifest.xml:21:20-66
uses-permission#android.permission.WRITE_EXTERNAL_STORAGE
ADDED from src/main/AndroidManifest.xml:22:3-79
	android:name
		ADDED from src/main/AndroidManifest.xml:22:20-76
uses-permission#android.permission.READ_EXTERNAL_STORAGE
ADDED from src/main/AndroidManifest.xml:23:3-78
	android:name
		ADDED from src/main/AndroidManifest.xml:23:20-75
uses-permission#android.permission.READ_PHONE_STATE
ADDED from src/main/AndroidManifest.xml:24:3-73
	android:name
		ADDED from src/main/AndroidManifest.xml:24:20-70
uses-permission#android.permission.ACCESS_WIFI_STATE
ADDED from src/main/AndroidManifest.xml:25:3-74
	android:name
		ADDED from src/main/AndroidManifest.xml:25:20-71
uses-permission#com.google.android.finsky.permission.BIND_GET_INSTALL_REFERRER_SERVICE
ADDED from src/main/AndroidManifest.xml:26:3-28:5
	android:name
		ADDED from src/main/AndroidManifest.xml:27:5-90
uses-permission#android.permission.ACCESS_BACKGROUND_LOCATION
ADDED from src/main/AndroidManifest.xml:29:3-31:5
	android:name
		ADDED from src/main/AndroidManifest.xml:30:5-65
uses-permission#android.permission.USE_EXACT_ALARM
ADDED from src/main/AndroidManifest.xml:32:3-35:5
	android:minSdkVersion
		ADDED from src/main/AndroidManifest.xml:33:5-31
	android:name
		ADDED from src/main/AndroidManifest.xml:34:5-54
application
ADDED from src/main/AndroidManifest.xml:36:3-112:17
	android:usesCleartextTraffic
		ADDED from src/main/AndroidManifest.xml:36:16-51
meta-data#com.google.firebase.messaging.default_notification_channel_id
ADDED from src/main/AndroidManifest.xml:39:6-42:7
	android:value
		ADDED from src/main/AndroidManifest.xml:41:7-54
	android:name
		ADDED from src/main/AndroidManifest.xml:40:7-83
service#flutter.overlay.window.flutter_overlay_window.OverlayService
ADDED from src/main/AndroidManifest.xml:52:5-55:7
	android:exported
		ADDED from src/main/AndroidManifest.xml:54:7-31
	android:name
		ADDED from src/main/AndroidManifest.xml:53:7-82
service#com.pravera.flutter_foreground_task.service.ForegroundService
ADDED from src/main/AndroidManifest.xml:56:5-59:7
	android:stopWithTask
		ADDED from src/main/AndroidManifest.xml:58:7-34
	android:name
		ADDED from src/main/AndroidManifest.xml:57:7-83
activity#com.nextapps.naswall.NASWallBrowser
ADDED from src/main/AndroidManifest.xml:60:5-70:16
	android:exported
		ADDED from src/main/AndroidManifest.xml:63:7-30
	android:configChanges
		ADDED from src/main/AndroidManifest.xml:62:7-68
	android:name
		ADDED from src/main/AndroidManifest.xml:61:7-57
intent-filter#action:name:android.intent.action.VIEW+category:name:android.intent.category.BROWSABLE+category:name:android.intent.category.DEFAULT
ADDED from src/main/AndroidManifest.xml:65:7-69:23
	tools:ignore
		ADDED from src/main/AndroidManifest.xml:65:22-52
action#android.intent.action.VIEW
ADDED from src/main/AndroidManifest.xml:66:9-61
	android:name
		ADDED from src/main/AndroidManifest.xml:66:17-58
category#android.intent.category.DEFAULT
ADDED from src/main/AndroidManifest.xml:67:9-68
	android:name
		ADDED from src/main/AndroidManifest.xml:67:19-65
category#android.intent.category.BROWSABLE
ADDED from src/main/AndroidManifest.xml:68:9-70
	android:name
		ADDED from src/main/AndroidManifest.xml:68:19-67
meta-data#partner_id
ADDED from src/main/AndroidManifest.xml:73:5-79
	android:value
		ADDED from src/main/AndroidManifest.xml:73:42-76
	android:name
		ADDED from src/main/AndroidManifest.xml:73:16-41
meta-data#title_color
ADDED from src/main/AndroidManifest.xml:74:5-77:7
	android:value
		ADDED from src/main/AndroidManifest.xml:76:7-30
	android:name
		ADDED from src/main/AndroidManifest.xml:75:7-33
meta-data#title_size
ADDED from src/main/AndroidManifest.xml:79:5-63
	android:value
		ADDED from src/main/AndroidManifest.xml:79:42-60
	android:name
		ADDED from src/main/AndroidManifest.xml:79:16-41
meta-data#title_close_pos
ADDED from src/main/AndroidManifest.xml:81:5-67
	android:value
		ADDED from src/main/AndroidManifest.xml:81:47-64
	android:name
		ADDED from src/main/AndroidManifest.xml:81:16-46
meta-data#title_close_margin
ADDED from src/main/AndroidManifest.xml:83:5-86:7
	android:value
		ADDED from src/main/AndroidManifest.xml:85:7-25
	android:name
		ADDED from src/main/AndroidManifest.xml:84:7-40
meta-data#title_height
ADDED from src/main/AndroidManifest.xml:87:5-65
	android:value
		ADDED from src/main/AndroidManifest.xml:87:44-62
	android:name
		ADDED from src/main/AndroidManifest.xml:87:16-43
meta-data#title_close_width
ADDED from src/main/AndroidManifest.xml:89:5-92:7
	android:value
		ADDED from src/main/AndroidManifest.xml:91:7-25
	android:name
		ADDED from src/main/AndroidManifest.xml:90:7-39
meta-data#title_close_height
ADDED from src/main/AndroidManifest.xml:93:5-71
	android:value
		ADDED from src/main/AndroidManifest.xml:93:50-68
	android:name
		ADDED from src/main/AndroidManifest.xml:93:16-49
meta-data#flutterEmbedding
ADDED from src/main/AndroidManifest.xml:99:5-68
	android:value
		ADDED from src/main/AndroidManifest.xml:99:48-65
	android:name
		ADDED from src/main/AndroidManifest.xml:99:16-47
meta-data#firebase_messaging_auto_init_enabled
ADDED from src/main/AndroidManifest.xml:102:5-105:7
	android:value
		ADDED from src/main/AndroidManifest.xml:104:7-28
	android:name
		ADDED from src/main/AndroidManifest.xml:103:7-58
meta-data#firebase_analytics_collection_enabled
ADDED from src/main/AndroidManifest.xml:106:5-109:7
	android:value
		ADDED from src/main/AndroidManifest.xml:108:7-28
	android:name
		ADDED from src/main/AndroidManifest.xml:107:7-59
uses-sdk
INJECTED from src/main/AndroidManifest.xml reason: use-sdk injection requested
INJECTED from src/main/AndroidManifest.xml
INJECTED from src/main/AndroidManifest.xml
INJECTED from src/main/AndroidManifest.xml
INJECTED from src/main/AndroidManifest.xml
	android:targetSdkVersion
		INJECTED from src/main/AndroidManifest.xml
		ADDED from src/main/AndroidManifest.xml
		INJECTED from src/main/AndroidManifest.xml
	android:minSdkVersion
		INJECTED from src/main/AndroidManifest.xml
		ADDED from src/main/AndroidManifest.xml
		INJECTED from src/main/AndroidManifest.xml